Traceback (most recent call last):
  File "/home/hpnunes/anaconda3/lib/python3.7/site-packages/jupyter_cache/executors/utils.py", line 56, in single_nb_execution
    record_timing=False,
  File "/home/hpnunes/anaconda3/lib/python3.7/site-packages/nbclient/client.py", line 1112, in execute
    return NotebookClient(nb=nb, resources=resources, km=km, **kwargs).execute()
  File "/home/hpnunes/anaconda3/lib/python3.7/site-packages/nbclient/util.py", line 74, in wrapped
    return just_run(coro(*args, **kwargs))
  File "/home/hpnunes/anaconda3/lib/python3.7/site-packages/nbclient/util.py", line 53, in just_run
    return loop.run_until_complete(coro)
  File "/home/hpnunes/anaconda3/lib/python3.7/asyncio/base_events.py", line 587, in run_until_complete
    return future.result()
  File "/home/hpnunes/anaconda3/lib/python3.7/site-packages/nbclient/client.py", line 554, in async_execute
    cell, index, execution_count=self.code_cells_executed + 1
  File "/home/hpnunes/anaconda3/lib/python3.7/site-packages/nbclient/client.py", line 857, in async_execute_cell
    self._check_raise_for_error(cell, exec_reply)
  File "/home/hpnunes/anaconda3/lib/python3.7/site-packages/nbclient/client.py", line 760, in _check_raise_for_error
    raise CellExecutionError.from_cell_and_msg(cell, exec_reply_content)
nbclient.exceptions.CellExecutionError: An error occurred while executing the following cell:
------------------
import pandas as pd
import numpy as np
import matplotlib.pyplot as plt
import seaborn as sns
pd.set_option("display.precision", 8)

import holoviews as hv
from holoviews import opts, dim
hv.extension('bokeh')
hv.output(size=200)
------------------

[0;31m---------------------------------------------------------------------------[0m
[0;31mModuleNotFoundError[0m                       Traceback (most recent call last)
[0;32m/tmp/ipykernel_25593/2833792615.py[0m in [0;36m<module>[0;34m[0m
[1;32m      5[0m [0mpd[0m[0;34m.[0m[0mset_option[0m[0;34m([0m[0;34m"display.precision"[0m[0;34m,[0m [0;36m8[0m[0;34m)[0m[0;34m[0m[0;34m[0m[0m
[1;32m      6[0m [0;34m[0m[0m
[0;32m----> 7[0;31m [0;32mimport[0m [0mholoviews[0m [0;32mas[0m [0mhv[0m[0;34m[0m[0;34m[0m[0m
[0m[1;32m      8[0m [0;32mfrom[0m [0mholoviews[0m [0;32mimport[0m [0mopts[0m[0;34m,[0m [0mdim[0m[0;34m[0m[0;34m[0m[0m
[1;32m      9[0m [0mhv[0m[0;34m.[0m[0mextension[0m[0;34m([0m[0;34m'bokeh'[0m[0;34m)[0m[0;34m[0m[0;34m[0m[0m

[0;31mModuleNotFoundError[0m: No module named 'holoviews'
ModuleNotFoundError: No module named 'holoviews'

